<?xml version="1.0" encoding="UTF-8"?>
<!-- Generated by org.testng.reporters.JUnitXMLReporter -->
<testsuite ignored="0" hostname="DESKTOP-0L4OL9P" failures="0" tests="4" name="Default test" time="81.612" errors="0" timestamp="2024-01-13T22:39:59 IST">
  <testcase classname="test.VerifyDetails" name="VerifyIfProductsDetailsOnQuickViewTab" time="3.731"/>
  <testcase classname="test.VerifyDetails" name="verifyIfProductsDetailsOnShoppingcartAreSimilarToProductAddedFromQuickViewTab" time="5.68"/>
  <testcase classname="test.VerifyDetails" name="addSingleToCartAndVerifyIfUnitPriceShippingPriceIsEqualToOrderAmount" time="8.37"/>
  <testcase classname="test.VerifyDetails" name="AddTwoToCartAndVerifyIfUnitPriceShippingPriceIsEqualToOrderAmountAndAlsoVerifyIfSumOfOrderAmountIsEqualToCartAmount" time="19.207"/>
</testsuite> <!-- Default test -->
