<?xml version="1.0" encoding="UTF-8"?>
<!-- Generated by org.testng.reporters.JUnitXMLReporter -->
<testsuite ignored="0" hostname="DESKTOP-0L4OL9P" failures="0" tests="8" name="CromeTest" time="305.225" errors="0" timestamp="2024-01-13T22:29:47 IST">
  <testcase classname="test.RemoveElementsFromCart" name="verifyIfUserIsAbleToRemoveTheProductFromCart" time="7.577"/>
  <testcase classname="test.ShoppingCategories" name="verifyIfUserIsAbleToAccessShoppingCategorie" time="2.953"/>
  <testcase classname="test.AddProductUsingDescription" name="verifyIfUserIsAbleToAddProductToCartUsingDescription" time="20.505"/>
  <testcase classname="test.AddMultipleProductOnCart" name="verifyIfUserIsAbleToAddMultipleProductToCartUsingQuickViewOption" time="8.049"/>
  <testcase classname="test.AddtoCartPage" name="verifyIfUserIsAbleToAddProductToCartUsingQuickViewOption" time="7.567"/>
  <testcase classname="test.SearchProductTest" name="verifyIfUserIsAbleToSearchProducts" time="4.201"/>
  <testcase classname="test.ProductDisplayPage" name="verifyProductDisplayedOnValidSearch" time="4.272"/>
  <testcase classname="test.ProductDisplayPage" name="verifyProductNotDisplayedOnInvalidSearch" time="139.096"/>
</testsuite> <!-- CromeTest -->
