<?xml version="1.0" encoding="UTF-8"?>
<!-- Generated by org.testng.reporters.JUnitXMLReporter -->
<testsuite ignored="0" hostname="DESKTOP-0L4OL9P" failures="0" tests="8" name="Test" time="298.43" errors="0" timestamp="2024-01-09T00:09:52 IST">
  <testcase classname="test.RemoveElementsFromCart" name="verifyIfUserIsAbleToRemoveTheProductFromCart" time="5.41"/>
  <testcase classname="test.verifyIfUserIsAbleToSearchProduct" name="verifyIfUserIsAbleToSearchProducts" time="1.899"/>
  <testcase classname="test.AddProductUsingDescription" name="verifyIfUserIsAbleToAddProductToCartUsingDescription" time="4.454"/>
  <testcase classname="test.AddMultipleProductOnCart" name="verifyIfUserIsAbleToAddMultipleProductToCartUsingQuickViewOption" time="9.613"/>
  <testcase classname="test.AddtoCartPage" name="verifyIfUserIsAbleToAddProductToCartUsingQuickViewOption" time="5.346"/>
  <testcase classname="test.verifyShoppingCategoriesTest" name="verifyIfUserIsAbleToAccessShoppingCategorie" time="2.152"/>
  <testcase classname="test.productDisplayPage" name="verifyProductDisplayedOnValidSearch" time="5.235"/>
  <testcase classname="test.productDisplayPage" name="verifyProductNotDisplayedOnInvalidSearch" time="139.989"/>
</testsuite> <!-- Test -->
