<?xml version="1.0" encoding="UTF-8"?>
<testng-results ignored="0" total="1" passed="1" failed="0" skipped="0">
  <reporter-output>
  </reporter-output>
  <suite started-at="2024-01-17T22:40:39 IST" name="Default suite" finished-at="2024-01-17T22:42:00 IST" duration-ms="81441">
    <groups>
    </groups>
    <test started-at="2024-01-17T22:40:39 IST" name="Default test" finished-at="2024-01-17T22:42:00 IST" duration-ms="81441">
      <class name="test.ProcessOfPaymentTest">
        <test-method is-config="true" signature="configureReport()[pri:0, instance:test.ProcessOfPaymentTest@26e356f0]" started-at="2024-01-17T22:40:39 IST" name="configureReport" finished-at="2024-01-17T22:40:40 IST" duration-ms="592" status="PASS">
          <reporter-output>
          </reporter-output>
        </test-method> <!-- configureReport -->
        <test-method is-config="true" signature="openApp()[pri:0, instance:test.ProcessOfPaymentTest@26e356f0]" started-at="2024-01-17T22:40:40 IST" name="openApp" finished-at="2024-01-17T22:40:47 IST" duration-ms="7463" status="PASS">
          <reporter-output>
          </reporter-output>
        </test-method> <!-- openApp -->
        <test-method signature="verifyThePaymentProcess()[pri:0, instance:test.ProcessOfPaymentTest@26e356f0]" started-at="2024-01-17T22:40:47 IST" name="verifyThePaymentProcess" finished-at="2024-01-17T22:41:59 IST" duration-ms="72353" status="PASS">
          <reporter-output>
          </reporter-output>
        </test-method> <!-- verifyThePaymentProcess -->
        <test-method is-config="true" signature="addTestStatus(org.testng.ITestResult)[pri:0, instance:test.ProcessOfPaymentTest@26e356f0]" started-at="2024-01-17T22:41:59 IST" name="addTestStatus" finished-at="2024-01-17T22:41:59 IST" duration-ms="25" status="PASS">
          <params>
            <param index="0">
              <value>
                <![CDATA[[TestResult name=verifyThePaymentProcess status=SUCCESS method=ProcessOfPaymentTest.verifyThePaymentProcess()[pri:0, instance:test.ProcessOfPaymentTest@26e356f0] output={null}]]]>
              </value>
            </param>
          </params>
          <reporter-output>
          </reporter-output>
        </test-method> <!-- addTestStatus -->
        <test-method is-config="true" signature="publishReports()[pri:0, instance:test.ProcessOfPaymentTest@26e356f0]" started-at="2024-01-17T22:41:59 IST" name="publishReports" finished-at="2024-01-17T22:42:00 IST" duration-ms="934" status="PASS">
          <reporter-output>
          </reporter-output>
        </test-method> <!-- publishReports -->
      </class> <!-- test.ProcessOfPaymentTest -->
    </test> <!-- Default test -->
  </suite> <!-- Default suite -->
</testng-results>
