<?xml version="1.0" encoding="UTF-8"?>
<testng-results ignored="0" total="8" passed="8" failed="0" skipped="0">
  <reporter-output>
  </reporter-output>
  <suite started-at="2024-01-09T00:04:53 IST" name="Suite" finished-at="2024-01-09T00:09:52 IST" duration-ms="298430">
    <groups>
    </groups>
    <test started-at="2024-01-09T00:04:53 IST" name="Test" finished-at="2024-01-09T00:09:52 IST" duration-ms="298430">
      <class name="test.productDisplayPage">
        <test-method is-config="true" signature="configureReport()[pri:0, instance:test.productDisplayPage@60bd273d]" started-at="2024-01-09T00:04:54 IST" name="configureReport" finished-at="2024-01-09T00:04:54 IST" duration-ms="1" status="PASS">
          <reporter-output>
          </reporter-output>
        </test-method> <!-- configureReport -->
        <test-method is-config="true" signature="openApp()[pri:0, instance:test.productDisplayPage@60bd273d]" started-at="2024-01-09T00:06:24 IST" name="openApp" finished-at="2024-01-09T00:06:42 IST" duration-ms="17706" status="PASS">
          <reporter-output>
          </reporter-output>
        </test-method> <!-- openApp -->
        <test-method signature="verifyProductDisplayedOnValidSearch()[pri:1, instance:test.productDisplayPage@60bd273d]" started-at="2024-01-09T00:06:42 IST" name="verifyProductDisplayedOnValidSearch" finished-at="2024-01-09T00:06:47 IST" duration-ms="5235" status="PASS">
          <reporter-output>
          </reporter-output>
        </test-method> <!-- verifyProductDisplayedOnValidSearch -->
        <test-method is-config="true" signature="addTestStatus(org.testng.ITestResult)[pri:0, instance:test.productDisplayPage@60bd273d]" started-at="2024-01-09T00:06:47 IST" name="addTestStatus" finished-at="2024-01-09T00:06:47 IST" duration-ms="3" status="PASS">
          <params>
            <param index="0">
              <value>
                <![CDATA[[TestResult name=verifyProductDisplayedOnValidSearch status=SUCCESS method=productDisplayPage.verifyProductDisplayedOnValidSearch()[pri:1, instance:test.productDisplayPage@60bd273d] output={null}]]]>
              </value>
            </param>
          </params>
          <reporter-output>
          </reporter-output>
        </test-method> <!-- addTestStatus -->
        <test-method is-config="true" signature="openApp()[pri:0, instance:test.productDisplayPage@60bd273d]" started-at="2024-01-09T00:06:47 IST" name="openApp" finished-at="2024-01-09T00:07:30 IST" duration-ms="43475" status="PASS">
          <reporter-output>
          </reporter-output>
        </test-method> <!-- openApp -->
        <test-method signature="verifyProductNotDisplayedOnInvalidSearch()[pri:2, instance:test.productDisplayPage@60bd273d]" started-at="2024-01-09T00:07:30 IST" name="verifyProductNotDisplayedOnInvalidSearch" finished-at="2024-01-09T00:09:50 IST" duration-ms="139989" status="PASS">
          <reporter-output>
          </reporter-output>
        </test-method> <!-- verifyProductNotDisplayedOnInvalidSearch -->
        <test-method is-config="true" signature="addTestStatus(org.testng.ITestResult)[pri:0, instance:test.productDisplayPage@60bd273d]" started-at="2024-01-09T00:09:50 IST" name="addTestStatus" finished-at="2024-01-09T00:09:50 IST" duration-ms="8" status="PASS">
          <params>
            <param index="0">
              <value>
                <![CDATA[[TestResult name=verifyProductNotDisplayedOnInvalidSearch status=SUCCESS method=productDisplayPage.verifyProductNotDisplayedOnInvalidSearch()[pri:2, instance:test.productDisplayPage@60bd273d] output={null}]]]>
              </value>
            </param>
          </params>
          <reporter-output>
          </reporter-output>
        </test-method> <!-- addTestStatus -->
        <test-method is-config="true" signature="publishReports()[pri:0, instance:test.productDisplayPage@60bd273d]" started-at="2024-01-09T00:09:50 IST" name="publishReports" finished-at="2024-01-09T00:09:52 IST" duration-ms="1109" status="PASS">
          <reporter-output>
          </reporter-output>
        </test-method> <!-- publishReports -->
      </class> <!-- test.productDisplayPage -->
      <class name="test.AddProductUsingDescription">
        <test-method is-config="true" signature="configureReport()[pri:0, instance:test.AddProductUsingDescription@3527942a]" started-at="2024-01-09T00:04:54 IST" name="configureReport" finished-at="2024-01-09T00:04:54 IST" duration-ms="1" status="PASS">
          <reporter-output>
          </reporter-output>
        </test-method> <!-- configureReport -->
        <test-method is-config="true" signature="openApp()[pri:0, instance:test.AddProductUsingDescription@3527942a]" started-at="2024-01-09T00:05:19 IST" name="openApp" finished-at="2024-01-09T00:05:25 IST" duration-ms="6526" status="PASS">
          <reporter-output>
          </reporter-output>
        </test-method> <!-- openApp -->
        <test-method signature="verifyIfUserIsAbleToAddProductToCartUsingDescription()[pri:0, instance:test.AddProductUsingDescription@3527942a]" started-at="2024-01-09T00:05:25 IST" name="verifyIfUserIsAbleToAddProductToCartUsingDescription" finished-at="2024-01-09T00:05:30 IST" duration-ms="4454" status="PASS">
          <reporter-output>
          </reporter-output>
        </test-method> <!-- verifyIfUserIsAbleToAddProductToCartUsingDescription -->
      </class> <!-- test.AddProductUsingDescription -->
      <class name="test.RemoveElementsFromCart">
        <test-method is-config="true" signature="configureReport()[pri:0, instance:test.RemoveElementsFromCart@52b1beb6]" started-at="2024-01-09T00:04:54 IST" name="configureReport" finished-at="2024-01-09T00:04:54 IST" duration-ms="1" status="PASS">
          <reporter-output>
          </reporter-output>
        </test-method> <!-- configureReport -->
        <test-method is-config="true" signature="openApp()[pri:0, instance:test.RemoveElementsFromCart@52b1beb6]" started-at="2024-01-09T00:04:54 IST" name="openApp" finished-at="2024-01-09T00:05:04 IST" duration-ms="9987" status="PASS">
          <reporter-output>
          </reporter-output>
        </test-method> <!-- openApp -->
        <test-method signature="verifyIfUserIsAbleToRemoveTheProductFromCart()[pri:0, instance:test.RemoveElementsFromCart@52b1beb6]" started-at="2024-01-09T00:05:04 IST" name="verifyIfUserIsAbleToRemoveTheProductFromCart" finished-at="2024-01-09T00:05:09 IST" duration-ms="5410" status="PASS">
          <reporter-output>
          </reporter-output>
        </test-method> <!-- verifyIfUserIsAbleToRemoveTheProductFromCart -->
      </class> <!-- test.RemoveElementsFromCart -->
      <class name="test.verifyShoppingCategoriesTest">
        <test-method is-config="true" signature="configureReport()[pri:0, instance:test.verifyShoppingCategoriesTest@5a45133e]" started-at="2024-01-09T00:04:54 IST" name="configureReport" finished-at="2024-01-09T00:04:54 IST" duration-ms="0" status="PASS">
          <reporter-output>
          </reporter-output>
        </test-method> <!-- configureReport -->
        <test-method is-config="true" signature="openApp()[pri:0, instance:test.verifyShoppingCategoriesTest@5a45133e]" started-at="2024-01-09T00:06:11 IST" name="openApp" finished-at="2024-01-09T00:06:22 IST" duration-ms="11260" status="PASS">
          <reporter-output>
          </reporter-output>
        </test-method> <!-- openApp -->
        <test-method signature="verifyIfUserIsAbleToAccessShoppingCategorie()[pri:0, instance:test.verifyShoppingCategoriesTest@5a45133e]" started-at="2024-01-09T00:06:22 IST" name="verifyIfUserIsAbleToAccessShoppingCategorie" finished-at="2024-01-09T00:06:24 IST" duration-ms="2152" status="PASS">
          <reporter-output>
          </reporter-output>
        </test-method> <!-- verifyIfUserIsAbleToAccessShoppingCategorie -->
        <test-method is-config="true" signature="addTestStatus(org.testng.ITestResult)[pri:0, instance:test.verifyShoppingCategoriesTest@5a45133e]" started-at="2024-01-09T00:06:24 IST" name="addTestStatus" finished-at="2024-01-09T00:06:24 IST" duration-ms="1" status="PASS">
          <params>
            <param index="0">
              <value>
                <![CDATA[[TestResult name=verifyIfUserIsAbleToAccessShoppingCategorie status=SUCCESS method=verifyShoppingCategoriesTest.verifyIfUserIsAbleToAccessShoppingCategorie()[pri:0, instance:test.verifyShoppingCategoriesTest@5a45133e] output={null}]]]>
              </value>
            </param>
          </params>
          <reporter-output>
          </reporter-output>
        </test-method> <!-- addTestStatus -->
        <test-method is-config="true" signature="publishReports()[pri:0, instance:test.verifyShoppingCategoriesTest@5a45133e]" started-at="2024-01-09T00:09:52 IST" name="publishReports" finished-at="2024-01-09T00:09:52 IST" duration-ms="155" status="PASS">
          <reporter-output>
          </reporter-output>
        </test-method> <!-- publishReports -->
      </class> <!-- test.verifyShoppingCategoriesTest -->
      <class name="test.AddtoCartPage">
        <test-method is-config="true" signature="configureReport()[pri:0, instance:test.AddtoCartPage@1ed6388a]" started-at="2024-01-09T00:04:54 IST" name="configureReport" finished-at="2024-01-09T00:04:54 IST" duration-ms="0" status="PASS">
          <reporter-output>
          </reporter-output>
        </test-method> <!-- configureReport -->
        <test-method is-config="true" signature="openApp()[pri:0, instance:test.AddtoCartPage@1ed6388a]" started-at="2024-01-09T00:05:49 IST" name="openApp" finished-at="2024-01-09T00:06:05 IST" duration-ms="15756" status="PASS">
          <reporter-output>
          </reporter-output>
        </test-method> <!-- openApp -->
        <test-method signature="verifyIfUserIsAbleToAddProductToCartUsingQuickViewOption()[pri:0, instance:test.AddtoCartPage@1ed6388a]" started-at="2024-01-09T00:06:05 IST" name="verifyIfUserIsAbleToAddProductToCartUsingQuickViewOption" finished-at="2024-01-09T00:06:11 IST" duration-ms="5346" status="PASS">
          <reporter-output>
          </reporter-output>
        </test-method> <!-- verifyIfUserIsAbleToAddProductToCartUsingQuickViewOption -->
      </class> <!-- test.AddtoCartPage -->
      <class name="test.verifyIfUserIsAbleToSearchProduct">
        <test-method is-config="true" signature="configureReport()[pri:0, instance:test.verifyIfUserIsAbleToSearchProduct@3f6f6701]" started-at="2024-01-09T00:04:54 IST" name="configureReport" finished-at="2024-01-09T00:04:54 IST" duration-ms="1" status="PASS">
          <reporter-output>
          </reporter-output>
        </test-method> <!-- configureReport -->
        <test-method is-config="true" signature="openApp()[pri:0, instance:test.verifyIfUserIsAbleToSearchProduct@3f6f6701]" started-at="2024-01-09T00:05:10 IST" name="openApp" finished-at="2024-01-09T00:05:17 IST" duration-ms="7272" status="PASS">
          <reporter-output>
          </reporter-output>
        </test-method> <!-- openApp -->
        <test-method signature="verifyIfUserIsAbleToSearchProducts()[pri:0, instance:test.verifyIfUserIsAbleToSearchProduct@3f6f6701]" started-at="2024-01-09T00:05:17 IST" name="verifyIfUserIsAbleToSearchProducts" finished-at="2024-01-09T00:05:19 IST" duration-ms="1899" status="PASS">
          <reporter-output>
          </reporter-output>
        </test-method> <!-- verifyIfUserIsAbleToSearchProducts -->
        <test-method is-config="true" signature="addTestStatus(org.testng.ITestResult)[pri:0, instance:test.verifyIfUserIsAbleToSearchProduct@3f6f6701]" started-at="2024-01-09T00:05:19 IST" name="addTestStatus" finished-at="2024-01-09T00:05:19 IST" duration-ms="18" status="PASS">
          <params>
            <param index="0">
              <value>
                <![CDATA[[TestResult name=verifyIfUserIsAbleToSearchProducts status=SUCCESS method=verifyIfUserIsAbleToSearchProduct.verifyIfUserIsAbleToSearchProducts()[pri:0, instance:test.verifyIfUserIsAbleToSearchProduct@3f6f6701] output={null}]]]>
              </value>
            </param>
          </params>
          <reporter-output>
          </reporter-output>
        </test-method> <!-- addTestStatus -->
        <test-method is-config="true" signature="publishReports()[pri:0, instance:test.verifyIfUserIsAbleToSearchProduct@3f6f6701]" started-at="2024-01-09T00:09:52 IST" name="publishReports" finished-at="2024-01-09T00:09:52 IST" duration-ms="171" status="PASS">
          <reporter-output>
          </reporter-output>
        </test-method> <!-- publishReports -->
      </class> <!-- test.verifyIfUserIsAbleToSearchProduct -->
      <class name="test.AddMultipleProductOnCart">
        <test-method is-config="true" signature="configureReport()[pri:0, instance:test.AddMultipleProductOnCart@942a29c]" started-at="2024-01-09T00:04:53 IST" name="configureReport" finished-at="2024-01-09T00:04:54 IST" duration-ms="552" status="PASS">
          <reporter-output>
          </reporter-output>
        </test-method> <!-- configureReport -->
        <test-method is-config="true" signature="openApp()[pri:0, instance:test.AddMultipleProductOnCart@942a29c]" started-at="2024-01-09T00:05:30 IST" name="openApp" finished-at="2024-01-09T00:05:40 IST" duration-ms="10147" status="PASS">
          <reporter-output>
          </reporter-output>
        </test-method> <!-- openApp -->
        <test-method signature="verifyIfUserIsAbleToAddMultipleProductToCartUsingQuickViewOption()[pri:0, instance:test.AddMultipleProductOnCart@942a29c]" started-at="2024-01-09T00:05:40 IST" name="verifyIfUserIsAbleToAddMultipleProductToCartUsingQuickViewOption" finished-at="2024-01-09T00:05:49 IST" duration-ms="9613" status="PASS">
          <reporter-output>
          </reporter-output>
        </test-method> <!-- verifyIfUserIsAbleToAddMultipleProductToCartUsingQuickViewOption -->
      </class> <!-- test.AddMultipleProductOnCart -->
    </test> <!-- Test -->
  </suite> <!-- Suite -->
</testng-results>
